<?xml version="1.0" encoding="UTF-8"?>
<!-- Generated by org.testng.reporters.JUnitXMLReporter -->
<testsuite ignored="22" hostname="DESKTOP-QNHJ5Q7" failures="0" tests="42" name="Default test" time="82.522" errors="0" timestamp="2023-10-16T23:03:59 PDT">
  <testcase classname="crosssBrowserTest.BaseTestCrossBrowser" name="@BeforeTest launchapp" time="-1.697522637676E9">
    <failure type="org.testng.TestNGException" message="
Parameter &amp;apos;ibm_br&amp;apos; is required by BeforeTest on method launchapp but has not been marked @Optional or defined
in C:\Users\Student\AppData\Local\Temp\testng-eclipse-1701948058\testng-customsuite.xml">
      <![CDATA[org.testng.TestNGException: 
Parameter 'ibm_br' is required by BeforeTest on method launchapp but has not been marked @Optional or defined
in C:\Users\Student\AppData\Local\Temp\testng-eclipse-1701948058\testng-customsuite.xml
at org.testng.internal.Parameters.createParams(Parameters.java:267)
at org.testng.internal.Parameters.createParametersForMethod(Parameters.java:355)
at org.testng.internal.Parameters.createParameters(Parameters.java:684)
at org.testng.internal.Parameters.createConfigurationParameters(Parameters.java:166)
at org.testng.internal.invokers.ConfigInvoker.invokeConfigurations(ConfigInvoker.java:277)
at org.testng.TestRunner.invokeTestConfigurations(TestRunner.java:644)
at org.testng.TestRunner.beforeRun(TestRunner.java:633)
at org.testng.TestRunner.run(TestRunner.java:595)
at org.testng.SuiteRunner.runTest(SuiteRunner.java:437)
at org.testng.SuiteRunner.runSequentially(SuiteRunner.java:431)
at org.testng.SuiteRunner.privateRun(SuiteRunner.java:391)
at org.testng.SuiteRunner.run(SuiteRunner.java:330)
at org.testng.SuiteRunnerWorker.runSuite(SuiteRunnerWorker.java:52)
at org.testng.SuiteRunnerWorker.run(SuiteRunnerWorker.java:95)
at org.testng.TestNG.runSuitesSequentially(TestNG.java:1256)
at org.testng.TestNG.runSuitesLocally(TestNG.java:1176)
at org.testng.TestNG.runSuites(TestNG.java:1099)
at org.testng.TestNG.run(TestNG.java:1067)
at org.testng.remote.AbstractRemoteTestNG.run(AbstractRemoteTestNG.java:115)
at org.testng.remote.RemoteTestNG.initAndRun(RemoteTestNG.java:251)
at org.testng.remote.RemoteTestNG.main(RemoteTestNG.java:77)
]]>
    </failure>
  </testcase> <!-- @BeforeTest launchapp -->
  <testcase classname="ddtExample.BaseTest" name="@BeforeTest launchapp" time="0.0">
    <skipped/>
  </testcase> <!-- @BeforeTest launchapp -->
  <testcase classname="ddtExample_HRM.BaseTest" name="@BeforeTest launchapp" time="0.0">
    <skipped/>
  </testcase> <!-- @BeforeTest launchapp -->
  <testcase classname="exerciseExample.FlipkartExample_ModalExample" name="@BeforeTest launchapp" time="0.0">
    <skipped/>
  </testcase> <!-- @BeforeTest launchapp -->
  <testcase classname="frameExample.DragDropExample" name="@BeforeTest launchapp" time="0.0">
    <skipped/>
  </testcase> <!-- @BeforeTest launchapp -->
  <testcase classname="handleWindowExample.BaseTest" name="@BeforeTest launchapp" time="0.0">
    <skipped/>
  </testcase> <!-- @BeforeTest launchapp -->
  <testcase classname="handleframe.DemoApp_Frame" name="@BeforeTest launchapp" time="0.0">
    <skipped/>
  </testcase> <!-- @BeforeTest launchapp -->
  <testcase classname="javascriptExecutorExample.BaseTest" name="@BeforeTest launchapp" time="0.0">
    <skipped/>
  </testcase> <!-- @BeforeTest launchapp -->
  <testcase classname="nopComm_configExample.BaseTest" name="@BeforeTest launchapp" time="0.0">
    <skipped/>
  </testcase> <!-- @BeforeTest launchapp -->
  <testcase classname="rutoExample.NOPCommTest" name="@BeforeTest launchapp" time="0.0">
    <skipped/>
  </testcase> <!-- @BeforeTest launchapp -->
  <testcase classname="takeScreenshotExample.BaseTest" name="@BeforeTest launchapp" time="0.0">
    <skipped/>
  </testcase> <!-- @BeforeTest launchapp -->
  <testcase classname="testNGExample.AmazonTest" name="@BeforeTest launchApp" time="0.0">
    <skipped/>
  </testcase> <!-- @BeforeTest launchApp -->
  <testcase classname="testNGExample.AmazonTestPriorityExample" name="@BeforeTest launchApp" time="0.0">
    <skipped/>
  </testcase> <!-- @BeforeTest launchApp -->
  <testcase classname="testNGExample.TestNGAnnotationExample" name="@BeforeTest launchApp" time="0.0">
    <skipped/>
  </testcase> <!-- @BeforeTest launchApp -->
  <testcase classname="testNGExample.TestNGAnnotationExample" name="@BeforeClass BeforeClass" time="0.0">
    <skipped/>
  </testcase> <!-- @BeforeClass BeforeClass -->
  <testcase classname="testNGExample.TestNGAnnotationExample" name="@BeforeMethod BeforeMethod" time="0.0">
    <skipped/>
  </testcase> <!-- @BeforeMethod BeforeMethod -->
  <testcase classname="testNGExample.TestNGAnnotationExample" name="@AfterMethod AfterMethod" time="0.0">
    <skipped/>
  </testcase> <!-- @AfterMethod AfterMethod -->
  <testcase classname="testNGExample.TestNGAnnotationExample" name="@BeforeMethod BeforeMethod" time="0.0">
    <skipped/>
  </testcase> <!-- @BeforeMethod BeforeMethod -->
  <testcase classname="testNGExample.TestNGAnnotationExample" name="@AfterMethod AfterMethod" time="0.0">
    <skipped/>
  </testcase> <!-- @AfterMethod AfterMethod -->
  <testcase classname="testNGExample.TestNGAnnotationExample" name="@BeforeMethod BeforeMethod" time="0.0">
    <skipped/>
  </testcase> <!-- @BeforeMethod BeforeMethod -->
  <testcase classname="testNGExample.TestNGAnnotationExample" name="@AfterMethod AfterMethod" time="0.0">
    <skipped/>
  </testcase> <!-- @AfterMethod AfterMethod -->
  <testcase classname="testNGExample.TestNGAnnotationExample" name="@AfterClass AfterClass" time="0.0">
    <skipped/>
  </testcase> <!-- @AfterClass AfterClass -->
  <testcase classname="WebTableExample.BaseTest" name="@AfterTest closingApp" time="0.0">
    <skipped/>
  </testcase> <!-- @AfterTest closingApp -->
  <testcase classname="WebTableExample.SmapleApp_WebTableExample_XPATH" name="@AfterTest closeApp" time="0.0">
    <skipped/>
  </testcase> <!-- @AfterTest closeApp -->
  <testcase classname="WebTableExample.SmapleApp_WebTableExample_XPATH2_JS" name="@AfterTest closeApp" time="0.0">
    <skipped/>
  </testcase> <!-- @AfterTest closeApp -->
  <testcase classname="actionExample.DragDropExample" name="@AfterTest closeApp" time="0.0">
    <skipped/>
  </testcase> <!-- @AfterTest closeApp -->
  <testcase classname="actionExample.RightClickTest" name="@AfterTest closeApp" time="0.0">
    <skipped/>
  </testcase> <!-- @AfterTest closeApp -->
  <testcase classname="alertExample.BaseTest" name="@AfterTest closeApp" time="0.0">
    <skipped/>
  </testcase> <!-- @AfterTest closeApp -->
  <testcase classname="conditionWaitExample.AlertPresentAfterSomeTime" name="@AfterTest closeApp" time="0.0">
    <skipped/>
  </testcase> <!-- @AfterTest closeApp -->
  <testcase classname="conditionWaitExample.ElementVIsibleAfterSometime" name="@AfterTest closeApp" time="0.0">
    <skipped/>
  </testcase> <!-- @AfterTest closeApp -->
  <testcase classname="crosssBrowserTest.BaseTestCrossBrowser" name="@AfterTest closeApp" time="0.0">
    <skipped/>
  </testcase> <!-- @AfterTest closeApp -->
  <testcase classname="ddtExample.BaseTest" name="@AfterTest closeApp" time="0.0">
    <skipped/>
  </testcase> <!-- @AfterTest closeApp -->
  <testcase classname="ddtExample_HRM.BaseTest" name="@AfterTest closeApp" time="0.0">
    <skipped/>
  </testcase> <!-- @AfterTest closeApp -->
  <testcase classname="exerciseExample.FlipkartExample_ModalExample" name="@AfterTest closeApp" time="0.0">
    <skipped/>
  </testcase> <!-- @AfterTest closeApp -->
  <testcase classname="frameExample.DragDropExample" name="@AfterTest closeApp" time="0.0">
    <skipped/>
  </testcase> <!-- @AfterTest closeApp -->
  <testcase classname="handleWindowExample.BaseTest" name="@AfterTest closeApp" time="0.0">
    <skipped/>
  </testcase> <!-- @AfterTest closeApp -->
  <testcase classname="handleframe.DemoApp_Frame" name="@AfterTest closeApp" time="0.0">
    <skipped/>
  </testcase> <!-- @AfterTest closeApp -->
  <testcase classname="javascriptExecutorExample.BaseTest" name="@AfterTest closeApp" time="0.0">
    <skipped/>
  </testcase> <!-- @AfterTest closeApp -->
  <testcase classname="nopComm_configExample.BaseTest" name="@AfterTest closeApp" time="0.0">
    <skipped/>
  </testcase> <!-- @AfterTest closeApp -->
  <testcase classname="rutoExample.NOPCommTest" name="@AfterTest closeApp" time="0.0">
    <skipped/>
  </testcase> <!-- @AfterTest closeApp -->
  <testcase classname="takeScreenshotExample.BaseTest" name="@AfterTest closeApp" time="0.0">
    <skipped/>
  </testcase> <!-- @AfterTest closeApp -->
  <testcase classname="testNGExample.AmazonTest" name="@AfterTest closeApp" time="0.0">
    <skipped/>
  </testcase> <!-- @AfterTest closeApp -->
  <testcase classname="testNGExample.AmazonTestPriorityExample" name="@AfterTest closeApp" time="0.0">
    <skipped/>
  </testcase> <!-- @AfterTest closeApp -->
  <testcase classname="testNGExample.TestNGAnnotationExample" name="@AfterTest closeApp" time="0.0">
    <skipped/>
  </testcase> <!-- @AfterTest closeApp -->
  <testcase classname="testNGExample.AmazonTest" name="login" time="0.0">
    <skipped/>
  </testcase> <!-- login -->
  <testcase classname="testNGExample.AmazonTestPriorityExample" name="login" time="0.0">
    <skipped/>
  </testcase> <!-- login -->
  <testcase classname="testNGExample.TestNGAnnotationExample" name="login" time="0.0">
    <skipped/>
  </testcase> <!-- login -->
  <testcase classname="excelFileExample.RegisterStudentExcelTest" name="RegistrationDataDrivernTest" time="0.0">
    <skipped/>
  </testcase> <!-- RegistrationDataDrivernTest -->
  <testcase classname="testNGExample.AmazonTest" name="addItem" time="0.0">
    <skipped/>
  </testcase> <!-- addItem -->
  <testcase classname="testNGExample.TestNGAnnotationExample" name="addItem" time="0.0">
    <skipped/>
  </testcase> <!-- addItem -->
  <testcase classname="testNGExample.AmazonTestPriorityExample" name="addItem" time="0.0">
    <skipped/>
  </testcase> <!-- addItem -->
  <testcase classname="testNGExample.AmazonTestPriorityExample" name="cancelOrder" time="0.0">
    <skipped/>
  </testcase> <!-- cancelOrder -->
  <testcase classname="actionExample.RightClickTest" name="doubleClickTest" time="0.0">
    <skipped/>
  </testcase> <!-- doubleClickTest -->
  <testcase classname="frameExample.DragDropExample" name="dragDropExample" time="0.0">
    <skipped/>
  </testcase> <!-- dragDropExample -->
  <testcase classname="actionExample.DragDropExample" name="dragDropExample" time="0.0">
    <skipped/>
  </testcase> <!-- dragDropExample -->
  <testcase classname="conditionWaitExample.AlertPresentAfterSomeTime" name="dragDropExample" time="0.001">
    <skipped/>
  </testcase> <!-- dragDropExample -->
  <testcase classname="conditionWaitExample.ElementVIsibleAfterSometime" name="dragDropExample" time="0.0">
    <skipped/>
  </testcase> <!-- dragDropExample -->
  <testcase classname="testNGExample.TestNGAnnotationExample" name="logout" time="0.001">
    <skipped/>
  </testcase> <!-- logout -->
  <testcase classname="alertExample.HandleAlertExample" name="promptAlert" time="0.0">
    <skipped/>
  </testcase> <!-- promptAlert -->
  <testcase classname="alertExample.HandleAlertExample2" name="promptAlert" time="0.0">
    <skipped/>
  </testcase> <!-- promptAlert -->
  <testcase classname="actionExample.RightClickTest" name="rightClickTest" time="0.0">
    <skipped/>
  </testcase> <!-- rightClickTest -->
  <testcase classname="WebTableExample.SmapleApp_WebTableExample_XPATH" name="validateWebTable" time="0.0">
    <skipped/>
  </testcase> <!-- validateWebTable -->
  <testcase classname="WebTableExample.SmapleApp_WebTableExample_XPATH2_JS" name="validateWebTable" time="0.0">
    <skipped/>
  </testcase> <!-- validateWebTable -->
  <testcase classname="rutoExample.NOPCommTest" name="verifyAppfeature" time="0.0">
    <skipped/>
  </testcase> <!-- verifyAppfeature -->
  <testcase classname="handleframe.DemoApp_Frame" name="verifyImage" time="0.0">
    <skipped/>
  </testcase> <!-- verifyImage -->
  <testcase classname="WebTableExample.SmapleAppDisabled" name="verifyInputbox" time="0.0">
    <skipped/>
  </testcase> <!-- verifyInputbox -->
  <testcase classname="crosssBrowserTest.NOPCmmAPP" name="verifyLogin" time="0.0">
    <skipped/>
  </testcase> <!-- verifyLogin -->
  <testcase classname="ddtExample.NopComm_DDTTest" name="verifyLoginFeature" time="0.0">
    <skipped/>
  </testcase> <!-- verifyLoginFeature -->
  <testcase classname="ddtExample.NopComm_DDTTest" name="verifyLoginFeature" time="0.0">
    <skipped/>
  </testcase> <!-- verifyLoginFeature -->
  <testcase classname="ddtExample.NopComm_DDTTest" name="verifyLoginFeature" time="0.0">
    <skipped/>
  </testcase> <!-- verifyLoginFeature -->
  <testcase classname="ddtExample.NopComm_DDTTest" name="verifyLoginFeature" time="0.0">
    <skipped/>
  </testcase> <!-- verifyLoginFeature -->
  <testcase classname="handleWindowExample.WindowExample_IRCTCApp" name="verifyLoginFeature" time="0.0">
    <skipped/>
  </testcase> <!-- verifyLoginFeature -->
  <testcase classname="ddtExample_HRM.NopComm_DDTTest" name="verifyLoginFeature" time="0.0">
    <skipped/>
  </testcase> <!-- verifyLoginFeature -->
  <testcase classname="ddtExample_HRM.NopComm_DDTTest" name="verifyLoginFeature" time="0.002">
    <skipped/>
  </testcase> <!-- verifyLoginFeature -->
  <testcase classname="ddtExample_HRM.NopComm_DDTTest" name="verifyLoginFeature" time="0.0">
    <skipped/>
  </testcase> <!-- verifyLoginFeature -->
  <testcase classname="ddtExample_HRM.NopComm_DDTTest" name="verifyLoginFeature" time="0.001">
    <skipped/>
  </testcase> <!-- verifyLoginFeature -->
  <testcase classname="nopComm_configExample.NopComm_ConfExample" name="verifyLoginFeature" time="0.002">
    <skipped/>
  </testcase> <!-- verifyLoginFeature -->
  <testcase classname="javascriptExecutorExample.JavaScriptExample1" name="verifyLoginFeature" time="0.0">
    <skipped/>
  </testcase> <!-- verifyLoginFeature -->
  <testcase classname="javascriptExecutorExample.MyntraApp" name="verifyLoginFeature" time="0.0">
    <skipped/>
  </testcase> <!-- verifyLoginFeature -->
  <testcase classname="pdfBoxExample.ReadPDFContent" name="verifyPDFData" time="0.0">
    <skipped/>
  </testcase> <!-- verifyPDFData -->
  <testcase classname="pdfBoxExample.ReadPDFContent2" name="verifyPDFData" time="0.0">
    <skipped/>
  </testcase> <!-- verifyPDFData -->
  <testcase classname="takeScreenshotExample.AmazonTakeScreenshotExample" name="verifySearchFeature" time="0.001">
    <skipped/>
  </testcase> <!-- verifySearchFeature -->
  <testcase classname="exerciseExample.FlipkartExample_ModalExample" name="verifytest" time="0.0">
    <skipped/>
  </testcase> <!-- verifytest -->
  <testcase classname="testNGExample.AmazonTestPriorityExample" name="payment" time="0.001">
    <skipped/>
  </testcase> <!-- payment -->
  <testcase classname="testNGExample.AmazonTest" name="logout" time="0.0">
    <skipped/>
  </testcase> <!-- logout -->
  <testcase classname="testNGExample.AmazonTestPriorityExample" name="logout" time="0.0">
    <skipped/>
  </testcase> <!-- logout -->
  <testcase classname="crosssBrowserTest.BaseTestCrossBrowser" name="@BeforeTest launchapp" time="0.0">
    <ignored/>
  </testcase> <!-- @BeforeTest launchapp -->
  <testcase classname="alertExample.BaseTest" name="@BeforeTest launchapp" time="0.0">
    <ignored/>
  </testcase> <!-- @BeforeTest launchapp -->
  <testcase classname="handleWindowExample.BaseTest" name="@AfterTest closeApp" time="0.0">
    <ignored/>
  </testcase> <!-- @AfterTest closeApp -->
  <testcase classname="crosssBrowserTest.BaseTestCrossBrowser" name="@AfterTest closeApp" time="0.0">
    <ignored/>
  </testcase> <!-- @AfterTest closeApp -->
  <testcase classname="takeScreenshotExample.BaseTest" name="@AfterTest closeApp" time="0.0">
    <ignored/>
  </testcase> <!-- @AfterTest closeApp -->
  <testcase classname="nopComm_configExample.BaseTest" name="@BeforeTest launchapp" time="0.0">
    <ignored/>
  </testcase> <!-- @BeforeTest launchapp -->
  <testcase classname="nopComm_configExample.BaseTest" name="@AfterTest closeApp" time="0.0">
    <ignored/>
  </testcase> <!-- @AfterTest closeApp -->
  <testcase classname="ddtExample.BaseTest" name="@AfterTest closeApp" time="0.0">
    <ignored/>
  </testcase> <!-- @AfterTest closeApp -->
  <testcase classname="alertExample.BaseTest" name="@AfterTest closeApp" time="0.0">
    <ignored/>
  </testcase> <!-- @AfterTest closeApp -->
  <testcase classname="ddtExample_HRM.BaseTest" name="@BeforeTest launchapp" time="0.0">
    <ignored/>
  </testcase> <!-- @BeforeTest launchapp -->
  <testcase classname="javascriptExecutorExample.BaseTest" name="@AfterTest closeApp" time="0.0">
    <ignored/>
  </testcase> <!-- @AfterTest closeApp -->
  <testcase classname="javascriptExecutorExample.BaseTest" name="@BeforeTest launchapp" time="0.0">
    <ignored/>
  </testcase> <!-- @BeforeTest launchapp -->
  <testcase classname="javascriptExecutorExample.MyntraApp" name="@AfterTest closeApp" time="0.0">
    <ignored/>
  </testcase> <!-- @AfterTest closeApp -->
  <testcase classname="ddtExample.BaseTest" name="@BeforeTest launchapp" time="0.0">
    <ignored/>
  </testcase> <!-- @BeforeTest launchapp -->
  <testcase classname="ddtExample_HRM.BaseTest" name="@AfterTest closeApp" time="0.0">
    <ignored/>
  </testcase> <!-- @AfterTest closeApp -->
  <testcase classname="WebTableExample.BaseTest" name="@AfterTest closingApp" time="0.0">
    <ignored/>
  </testcase> <!-- @AfterTest closingApp -->
  <testcase classname="javascriptExecutorExample.MyntraApp" name="@BeforeTest launchapp" time="0.0">
    <ignored/>
  </testcase> <!-- @BeforeTest launchapp -->
  <testcase classname="alertExample.HandleAlertExample2" name="@AfterTest closeApp" time="0.0">
    <ignored/>
  </testcase> <!-- @AfterTest closeApp -->
  <testcase classname="alertExample.HandleAlertExample2" name="@BeforeTest launchapp" time="0.0">
    <ignored/>
  </testcase> <!-- @BeforeTest launchapp -->
  <testcase classname="WebTableExample.BaseTest" name="@BeforeTest launchApp" time="0.0">
    <ignored/>
  </testcase> <!-- @BeforeTest launchApp -->
  <testcase classname="takeScreenshotExample.BaseTest" name="@BeforeTest launchapp" time="0.0">
    <ignored/>
  </testcase> <!-- @BeforeTest launchapp -->
  <testcase classname="handleWindowExample.BaseTest" name="@BeforeTest launchapp" time="0.0">
    <ignored/>
  </testcase> <!-- @BeforeTest launchapp -->
</testsuite> <!-- Default test -->
