<?xml version="1.0" encoding="UTF-8"?>
<!-- Generated by org.testng.reporters.JUnitXMLReporter -->
<testsuite ignored="0" hostname="MSI" failures="0" tests="3" name="chromeTest2" time="28.256" errors="0" timestamp="2023-10-10T13:10:08 IST">
  <testcase classname="crosssBrowserTest.NOPCmmAPP" name="verifyLogin" time="12.048"/>
  <testcase classname="crosssBrowserTest.NOPCmmAPP" name="verifyLogin" time="24.969"/>
  <testcase classname="crosssBrowserTest.NOPCmmAPP" name="verifyLogin" time="10.908"/>
</testsuite> <!-- chromeTest2 -->
